10339043342453811315
10340391969338056640
10482202458408425427
11789154925749945935
12073119056774064748
12519713120687492445
13103673221533828580
14013741130321756542
14296104222055290283
14372733924449938329
14626756987282996027
16210532197682064336
16879033373265265879
16921779762715884565
18792023759228973612
18931489677371221509
19177115977673656394
19254059469224775481
19799324371220217517
21309913458573389553
21724165785927364797
21785741859753883189
22163021565003466025
22451757169813337986
24999498163933461561
25862847240629908131
28936802105110850646
30207473016757889078
30337949919420659561
31526944607437900226
31801791035948469290
33000222479854786006
34941957412216202297
35080411359341508356
36753562912709360626
36787266297037235178
37347217956895521599
37681364035850998024
39104118643477074530
40068549468323622470
41711170408516621964
41793621253918870527
43561403127798107601
43758109302643867081
44060228431119000257
46491231813892451001
49654642516137712108
50487172722610615949
52227034636334439725
54394955739072729050
55476569374525474430
57522866009126948282
58260664628960701013
59907637615065081226
60410487086247939283
61321599149107587048
63855012648562526913
64333860488897764303
65538673602693087652
68488387524505732721
69198765114857669143
70484816852199606499
70608539415415549838
70819978253490201962
72292812478637723725
72817797988980520243
72993027995208359656
73001580004753142013
74252443860892231834
77264520290994510378
77411913874931387938
78677094542239657439
78688431492068926649
80409196254499360502
80810229756463797491
81293908850963856115
81339754496721013776
82307776911908988037
84008682385059268528
86033618705110300454
86046760975978533837
86933743713964202957
89024765713338510876
89288868383338047689
89506083782105855073
89939464555606269929
90120063908387310050
90134858220636105742
90355871706041302960
90485129738092318741
91042740328037003492
91289606409454663995
91963684667274100644
93194784503610632061
93543643191094562591
93787419098858437138
94164354873350145707
94351743146942264128
98164850159706289502
98481030444476317596